mode: set
github.com/terajari/idompet/database/sqlc/akun.sql.go:24.89,34.2 4 0
github.com/terajari/idompet/database/sqlc/akun.sql.go:49.87,59.2 4 1
github.com/terajari/idompet/database/sqlc/akun.sql.go:66.67,69.2 2 0
github.com/terajari/idompet/database/sqlc/akun.sql.go:76.72,86.2 4 0
github.com/terajari/idompet/database/sqlc/akun.sql.go:94.81,104.2 4 0
github.com/terajari/idompet/database/sqlc/akun.sql.go:117.85,119.16 2 0
github.com/terajari/idompet/database/sqlc/akun.sql.go:119.16,121.3 1 0
github.com/terajari/idompet/database/sqlc/akun.sql.go:122.2,124.18 3 0
github.com/terajari/idompet/database/sqlc/akun.sql.go:124.18,131.17 2 0
github.com/terajari/idompet/database/sqlc/akun.sql.go:131.17,133.4 1 0
github.com/terajari/idompet/database/sqlc/akun.sql.go:134.3,134.27 1 0
github.com/terajari/idompet/database/sqlc/akun.sql.go:136.2,136.37 1 0
github.com/terajari/idompet/database/sqlc/akun.sql.go:136.37,138.3 1 0
github.com/terajari/idompet/database/sqlc/akun.sql.go:139.2,139.35 1 0
github.com/terajari/idompet/database/sqlc/akun.sql.go:139.35,141.3 1 0
github.com/terajari/idompet/database/sqlc/akun.sql.go:142.2,142.19 1 0
github.com/terajari/idompet/database/sqlc/akun.sql.go:157.87,167.2 4 0
github.com/terajari/idompet/database/sqlc/catatan.sql.go:25.96,35.2 4 0
github.com/terajari/idompet/database/sqlc/catatan.sql.go:42.78,52.2 4 0
github.com/terajari/idompet/database/sqlc/catatan.sql.go:66.94,68.16 2 0
github.com/terajari/idompet/database/sqlc/catatan.sql.go:68.16,70.3 1 0
github.com/terajari/idompet/database/sqlc/catatan.sql.go:71.2,73.18 3 0
github.com/terajari/idompet/database/sqlc/catatan.sql.go:73.18,80.17 2 0
github.com/terajari/idompet/database/sqlc/catatan.sql.go:80.17,82.4 1 0
github.com/terajari/idompet/database/sqlc/catatan.sql.go:83.3,83.27 1 0
github.com/terajari/idompet/database/sqlc/catatan.sql.go:85.2,85.37 1 0
github.com/terajari/idompet/database/sqlc/catatan.sql.go:85.37,87.3 1 0
github.com/terajari/idompet/database/sqlc/catatan.sql.go:88.2,88.35 1 0
github.com/terajari/idompet/database/sqlc/catatan.sql.go:88.35,90.3 1 0
github.com/terajari/idompet/database/sqlc/catatan.sql.go:91.2,91.19 1 0
github.com/terajari/idompet/database/sqlc/db.go:19.28,21.2 1 1
github.com/terajari/idompet/database/sqlc/db.go:27.47,31.2 1 0
github.com/terajari/idompet/database/sqlc/store.go:18.34,23.2 1 1
github.com/terajari/idompet/database/sqlc/store.go:43.110,46.16 3 0
github.com/terajari/idompet/database/sqlc/store.go:46.16,48.3 1 0
github.com/terajari/idompet/database/sqlc/store.go:49.2,58.16 4 0
github.com/terajari/idompet/database/sqlc/store.go:58.16,60.3 1 0
github.com/terajari/idompet/database/sqlc/store.go:62.2,66.16 2 0
github.com/terajari/idompet/database/sqlc/store.go:66.16,68.3 1 0
github.com/terajari/idompet/database/sqlc/store.go:70.2,75.16 2 0
github.com/terajari/idompet/database/sqlc/store.go:75.16,77.3 1 0
github.com/terajari/idompet/database/sqlc/store.go:80.2,80.37 1 0
github.com/terajari/idompet/database/sqlc/store.go:80.37,82.17 2 0
github.com/terajari/idompet/database/sqlc/store.go:82.17,84.4 1 0
github.com/terajari/idompet/database/sqlc/store.go:85.8,87.17 2 0
github.com/terajari/idompet/database/sqlc/store.go:87.17,89.4 1 0
github.com/terajari/idompet/database/sqlc/store.go:92.2,92.29 1 0
github.com/terajari/idompet/database/sqlc/store.go:102.45,107.16 2 0
github.com/terajari/idompet/database/sqlc/store.go:107.16,109.3 1 0
github.com/terajari/idompet/database/sqlc/store.go:111.2,115.8 2 0
github.com/terajari/idompet/database/sqlc/transfer.sql.go:26.99,37.2 4 0
github.com/terajari/idompet/database/sqlc/transfer.sql.go:44.80,55.2 4 0
github.com/terajari/idompet/api/akun.go:16.52,18.49 2 0
github.com/terajari/idompet/api/akun.go:18.49,21.3 2 0
github.com/terajari/idompet/api/akun.go:23.2,27.16 2 0
github.com/terajari/idompet/api/akun.go:27.16,30.3 2 0
github.com/terajari/idompet/api/akun.go:31.2,31.31 1 0
github.com/terajari/idompet/api/akun.go:38.49,40.48 2 1
github.com/terajari/idompet/api/akun.go:40.48,43.3 2 1
github.com/terajari/idompet/api/akun.go:45.2,46.16 2 1
github.com/terajari/idompet/api/akun.go:46.16,47.27 1 1
github.com/terajari/idompet/api/akun.go:47.27,50.4 2 1
github.com/terajari/idompet/api/akun.go:51.3,52.9 2 1
github.com/terajari/idompet/api/akun.go:54.2,54.31 1 1
github.com/terajari/idompet/api/akun.go:62.50,64.50 2 0
github.com/terajari/idompet/api/akun.go:64.50,67.3 2 0
github.com/terajari/idompet/api/akun.go:68.2,72.16 2 0
github.com/terajari/idompet/api/akun.go:72.16,75.3 2 0
github.com/terajari/idompet/api/akun.go:76.2,76.31 1 0
github.com/terajari/idompet/api/server.go:13.43,25.2 6 1
github.com/terajari/idompet/api/server.go:27.51,29.2 1 0
github.com/terajari/idompet/api/server.go:31.35,35.2 1 1
